{"logLevel":"debug","message":"multithreading is set to false"}
{"logLevel":"debug","message":"Using reflection to scan dependencies for gauge implementations..."}
SLF4J: Failed to load class "org.slf4j.impl.StaticLoggerBinder".
SLF4J: Defaulting to no-operation (NOP) logger implementation
SLF4J: See http://www.slf4j.org/codes.html#StaticLoggerBinder for further details.
{"logLevel":"debug","message":"gauge-java took 4133milliseconds to load and scan. This should be less than 'runner_connection_timeout' config value."}
{"logLevel":"debug","message":"run 'gauge config runner_connection_timeout' and verify that it is < 4133"}
{"logLevel":"debug","message":"starting gRPC server..."}
{"logLevel":"debug","message":"started gRPC server on port 65513"}
{"logLevel":"info","message":"Listening on port:65513"}
{"logLevel":"debug","message":"Scanning packages for steps"}
{"logLevel":"debug","message":"Comparing 'org.example.TestImplementation.implementation1' and 'org.example.TestImplementation.implementation1'"}
{"logLevel":"debug","message":"Found NavigateUrl {} in current project scope."}
{"logLevel":"debug","message":"Comparing 'org.example.TestImplementation.implementation5' and 'org.example.TestImplementation.implementation5'"}
{"logLevel":"debug","message":"Found NumberOfElementInThePage in current project scope."}
{"logLevel":"debug","message":"Comparing 'org.example.TestImplementation.implementation4' and 'org.example.TestImplementation.implementation4'"}
{"logLevel":"debug","message":"Found ClickIntheSearchButton in current project scope."}
{"logLevel":"debug","message":"Comparing 'org.example.TestImplementation.implementation3' and 'org.example.TestImplementation.implementation3'"}
{"logLevel":"debug","message":"Found Search the job in current project scope."}
{"logLevel":"debug","message":"Comparing 'org.example.TestImplementation.implementation2' and 'org.example.TestImplementation.implementation2'"}
{"logLevel":"debug","message":"Found AcceptCooking in current project scope."}
{"logLevel":"debug","message":"Scanning packages for hooks"}
{"logLevel":"debug","message":"Scanned steps (using static parsing + reflections): "}
{"logLevel":"debug","message":"\tNavigateUrl {} : public void implementation1(Object arg0)"}
{"logLevel":"debug","message":"\tClickIntheSearchButton : public void implementation4()"}
{"logLevel":"debug","message":"\tSearch the job : public void implementation3()"}
{"logLevel":"debug","message":"\tNumberOfElementInThePage : public void implementation5()"}
{"logLevel":"debug","message":"\tAcceptCooking : public void implementation2()"}
Starting ChromeDriver 89.0.4389.23 (61b08ee2c50024bab004e48d2b1b083cdbdac579-refs/branch-heads/4389@{#294}) on port 10663
Only local connections are allowed.
Please see https://chromedriver.chromium.org/security-considerations for suggestions on keeping ChromeDriver safe.
ChromeDriver was started successfully.
Apr 11, 2021 5:01:37 PM org.openqa.selenium.remote.ProtocolHandshake createSession
INFO: Detected dialect: W3C
{"logLevel":"debug","message":"Executing 'NavigateUrl {}' using 'class org.example.TestImplementation.implementation1"}
Starting ChromeDriver 89.0.4389.23 (61b08ee2c50024bab004e48d2b1b083cdbdac579-refs/branch-heads/4389@{#294}) on port 4871
Only local connections are allowed.
Please see https://chromedriver.chromium.org/security-considerations for suggestions on keeping ChromeDriver safe.
ChromeDriver was started successfully.
Apr 11, 2021 5:01:39 PM org.openqa.selenium.remote.ProtocolHandshake createSession
INFO: Detected dialect: W3C
{"logLevel":"debug","message":"Executing 'AcceptCooking' using 'class org.example.TestImplementation.implementation2"}
{"logLevel":"debug","message":"Executing 'Search the job' using 'class org.example.TestImplementation.implementation3"}
{"logLevel":"debug","message":"Executing 'ClickIntheSearchButton' using 'class org.example.TestImplementation.implementation4"}
{"logLevel":"debug","message":"Executing 'NumberOfElementInThePage' using 'class org.example.TestImplementation.implementation5"}
Total of tag with the same atribute25
Total the job with this name are: null
Total the job with this name are: null
Total the job with this name are: null
Total the job with this name are: null
Total the job with this name are: null
Total the job with this name are: null
Total the job with this name are: null
Total the job with this name are: null
Total the job with this name are: null
Total the job with this name are: null
Total the job with this name are: null
Total the job with this name are: null
Total the job with this name are: null
Total the job with this name are: null
Total the job with this name are: null
Total the job with this name are: null
Total the job with this name are: null
Total the job with this name are: null
Total the job with this name are: null
Total the job with this name are: null
Total the job with this name are: null
Total the job with this name are: null
Total the job with this name are: null
Total the job with this name are: null
Total the job with this name are: null
