{"logLevel":"debug","message":"multithreading is set to false"}
{"logLevel":"debug","message":"Using reflection to scan dependencies for gauge implementations..."}
SLF4J: Failed to load class "org.slf4j.impl.StaticLoggerBinder".
SLF4J: Defaulting to no-operation (NOP) logger implementation
SLF4J: See http://www.slf4j.org/codes.html#StaticLoggerBinder for further details.
{"logLevel":"debug","message":"gauge-java took 4808milliseconds to load and scan. This should be less than 'runner_connection_timeout' config value."}
{"logLevel":"debug","message":"run 'gauge config runner_connection_timeout' and verify that it is < 4808"}
{"logLevel":"debug","message":"starting gRPC server..."}
{"logLevel":"debug","message":"started gRPC server on port 49471"}
{"logLevel":"info","message":"Listening on port:49471"}
{"logLevel":"debug","message":"Scanning packages for steps"}
{"logLevel":"debug","message":"Comparing 'org.example.TestImplementation.implementation1' and 'org.example.TestImplementation.implementation1'"}
{"logLevel":"debug","message":"Found NavigateUrl {} in current project scope."}
{"logLevel":"debug","message":"Comparing 'org.example.TestImplementation.implementation4' and 'org.example.TestImplementation.implementation4'"}
{"logLevel":"debug","message":"Found ClickIntheSearchButton in current project scope."}
{"logLevel":"debug","message":"Comparing 'org.example.TestImplementation.implementation3' and 'org.example.TestImplementation.implementation3'"}
{"logLevel":"debug","message":"Found In the query {} in the search box and submit in current project scope."}
{"logLevel":"debug","message":"Comparing 'org.example.TestImplementation.implementation2' and 'org.example.TestImplementation.implementation2'"}
{"logLevel":"debug","message":"Found AcceptCooking in current project scope."}
{"logLevel":"debug","message":"Scanning packages for hooks"}
{"logLevel":"debug","message":"Scanned steps (using static parsing + reflections): "}
{"logLevel":"debug","message":"\tNavigateUrl {} : public void implementation1(Object arg0)"}
{"logLevel":"debug","message":"\tClickIntheSearchButton : public void implementation4()"}
{"logLevel":"debug","message":"\tAcceptCooking : public void implementation2()"}
{"logLevel":"debug","message":"\tIn the query {} in the search box and submit : public void implementation3(Object arg0)"}
Starting ChromeDriver 89.0.4389.23 (61b08ee2c50024bab004e48d2b1b083cdbdac579-refs/branch-heads/4389@{#294}) on port 23382
Only local connections are allowed.
Please see https://chromedriver.chromium.org/security-considerations for suggestions on keeping ChromeDriver safe.
ChromeDriver was started successfully.
Apr 11, 2021 4:23:29 PM org.openqa.selenium.remote.ProtocolHandshake createSession
INFO: Detected dialect: W3C
{"logLevel":"debug","message":"Executing 'NavigateUrl {}' using 'class org.example.TestImplementation.implementation1"}
Starting ChromeDriver 89.0.4389.23 (61b08ee2c50024bab004e48d2b1b083cdbdac579-refs/branch-heads/4389@{#294}) on port 34524
Only local connections are allowed.
Please see https://chromedriver.chromium.org/security-considerations for suggestions on keeping ChromeDriver safe.
ChromeDriver was started successfully.
Apr 11, 2021 4:23:31 PM org.openqa.selenium.remote.ProtocolHandshake createSession
INFO: Detected dialect: W3C
{"logLevel":"debug","message":"Executing 'AcceptCooking' using 'class org.example.TestImplementation.implementation2"}
{"logLevel":"debug","message":"Executing 'In the query {} in the search box and submit' using 'class org.example.TestImplementation.implementation3"}
{"logLevel":"debug","message":"Executing 'ClickIntheSearchButton' using 'class org.example.TestImplementation.implementation4"}
