{"logLevel":"debug","message":"multithreading is set to false"}
{"logLevel":"debug","message":"Using reflection to scan dependencies for gauge implementations..."}
SLF4J: Failed to load class "org.slf4j.impl.StaticLoggerBinder".
SLF4J: Defaulting to no-operation (NOP) logger implementation
SLF4J: See http://www.slf4j.org/codes.html#StaticLoggerBinder for further details.
{"logLevel":"debug","message":"gauge-java took 5631milliseconds to load and scan. This should be less than 'runner_connection_timeout' config value."}
{"logLevel":"debug","message":"run 'gauge config runner_connection_timeout' and verify that it is < 5631"}
{"logLevel":"debug","message":"starting gRPC server..."}
{"logLevel":"debug","message":"started gRPC server on port 51910"}
{"logLevel":"info","message":"Listening on port:51910"}
{"logLevel":"debug","message":"Scanning packages for steps"}
{"logLevel":"debug","message":"Comparing 'org.example.TestImplementation.implementation5' and 'org.example.TestImplementation.implementation5'"}
{"logLevel":"debug","message":"Found NumberOfElementInThePage in current project scope."}
{"logLevel":"debug","message":"Comparing 'org.example.TestImplementation.implementation4' and 'org.example.TestImplementation.implementation4'"}
{"logLevel":"debug","message":"Found ClickIntheSearchButton in current project scope."}
{"logLevel":"debug","message":"Comparing 'org.example.TestImplementation.implementation3' and 'org.example.TestImplementation.implementation3'"}
{"logLevel":"debug","message":"Found Search the job in current project scope."}
{"logLevel":"debug","message":"Comparing 'org.example.TestImplementation.implementation2' and 'org.example.TestImplementation.implementation2'"}
{"logLevel":"debug","message":"Found AcceptCooking in current project scope."}
{"logLevel":"debug","message":"Comparing 'org.example.TestImplementation.implementation9' and 'org.example.TestImplementation.implementation9'"}
{"logLevel":"debug","message":"Found ClickSearch in current project scope."}
{"logLevel":"debug","message":"Comparing 'org.example.TestImplementation.implementation8' and 'org.example.TestImplementation.implementation8'"}
{"logLevel":"debug","message":"Found SeekNewJob in current project scope."}
{"logLevel":"debug","message":"Comparing 'org.example.TestImplementation.implementation7' and 'org.example.TestImplementation.implementation7'"}
{"logLevel":"debug","message":"Found CleanSearch in current project scope."}
{"logLevel":"debug","message":"Comparing 'org.example.TestImplementation.implementation6' and 'org.example.TestImplementation.implementation6'"}
{"logLevel":"debug","message":"Found BackHomePage in current project scope."}
{"logLevel":"debug","message":"Comparing 'org.example.TestImplementation.implementation1' and 'org.example.TestImplementation.implementation1'"}
{"logLevel":"debug","message":"Found NavigateUrl {} in current project scope."}
{"logLevel":"debug","message":"Comparing 'org.example.TestImplementation.implementation14' and 'org.example.TestImplementation.implementation14'"}
{"logLevel":"debug","message":"Found ValidateResultNull in current project scope."}
{"logLevel":"debug","message":"Comparing 'org.example.TestImplementation.implementation13' and 'org.example.TestImplementation.implementation13'"}
{"logLevel":"debug","message":"Found ClicButtonJobNull in current project scope."}
{"logLevel":"debug","message":"Comparing 'org.example.TestImplementation.implementation10' and 'org.example.TestImplementation.implementation10'"}
{"logLevel":"debug","message":"Found CountTheQaJOb in current project scope."}
{"logLevel":"debug","message":"Comparing 'org.example.TestImplementation.implementation12' and 'org.example.TestImplementation.implementation12'"}
{"logLevel":"debug","message":"Found SearchNullJob in current project scope."}
{"logLevel":"debug","message":"Comparing 'org.example.TestImplementation.implementation11' and 'org.example.TestImplementation.implementation11'"}
{"logLevel":"debug","message":"Found JobNullback in current project scope."}
{"logLevel":"debug","message":"Scanning packages for hooks"}
{"logLevel":"debug","message":"Scanned steps (using static parsing + reflections): "}
{"logLevel":"debug","message":"\tNavigateUrl {} : public void implementation1(Object arg0)"}
{"logLevel":"debug","message":"\tClickIntheSearchButton : public void implementation4()"}
{"logLevel":"debug","message":"\tSearchNullJob : public void implementation12()"}
{"logLevel":"debug","message":"\tCleanSearch : public void implementation7()"}
{"logLevel":"debug","message":"\tNumberOfElementInThePage : public void implementation5()"}
{"logLevel":"debug","message":"\tCountTheQaJOb : public void implementation10()"}
{"logLevel":"debug","message":"\tBackHomePage : public void implementation6()"}
{"logLevel":"debug","message":"\tClickSearch : public void implementation9()"}
{"logLevel":"debug","message":"\tAcceptCooking : public void implementation2()"}
{"logLevel":"debug","message":"\tJobNullback : public void implementation11()"}
{"logLevel":"debug","message":"\tSearch the job : public void implementation3()"}
{"logLevel":"debug","message":"\tSeekNewJob : public void implementation8()"}
{"logLevel":"debug","message":"\tValidateResultNull : public boolean implementation14()"}
{"logLevel":"debug","message":"\tClicButtonJobNull : public void implementation13()"}
Starting ChromeDriver 89.0.4389.23 (61b08ee2c50024bab004e48d2b1b083cdbdac579-refs/branch-heads/4389@{#294}) on port 31760
Only local connections are allowed.
Please see https://chromedriver.chromium.org/security-considerations for suggestions on keeping ChromeDriver safe.
ChromeDriver was started successfully.
Apr 12, 2021 12:23:16 AM org.openqa.selenium.remote.ProtocolHandshake createSession
INFO: Detected dialect: W3C
{"logLevel":"debug","message":"Executing 'NavigateUrl {}' using 'class org.example.TestImplementation.implementation1"}
Starting ChromeDriver 89.0.4389.23 (61b08ee2c50024bab004e48d2b1b083cdbdac579-refs/branch-heads/4389@{#294}) on port 4154
Only local connections are allowed.
Please see https://chromedriver.chromium.org/security-considerations for suggestions on keeping ChromeDriver safe.
ChromeDriver was started successfully.
Apr 12, 2021 12:23:19 AM org.openqa.selenium.remote.ProtocolHandshake createSession
INFO: Detected dialect: W3C
{"logLevel":"debug","message":"Executing 'AcceptCooking' using 'class org.example.TestImplementation.implementation2"}
{"logLevel":"debug","message":"Executing 'Search the job' using 'class org.example.TestImplementation.implementation3"}
{"logLevel":"debug","message":"Executing 'ClickIntheSearchButton' using 'class org.example.TestImplementation.implementation4"}
{"logLevel":"debug","message":"Executing 'NumberOfElementInThePage' using 'class org.example.TestImplementation.implementation5"}

***************************
Total of JOB with the same atribute are: 24
null
null
null
null
null
null
null
null
null
null
null
null
null
null
null
null
null
null
null
null
null
null
null
null
{"logLevel":"debug","message":"Executing 'BackHomePage' using 'class org.example.TestImplementation.implementation6"}
{"logLevel":"debug","message":"Executing 'CleanSearch' using 'class org.example.TestImplementation.implementation7"}
{"logLevel":"debug","message":"Executing 'SeekNewJob' using 'class org.example.TestImplementation.implementation8"}
{"logLevel":"debug","message":"Executing 'ClickSearch' using 'class org.example.TestImplementation.implementation9"}
{"logLevel":"debug","message":"Executing 'CountTheQaJOb' using 'class org.example.TestImplementation.implementation10"}
*****************************
Quantity of Job: 1
{"logLevel":"debug","message":"Executing 'JobNullback' using 'class org.example.TestImplementation.implementation11"}
{"logLevel":"debug","message":"Executing 'SearchNullJob' using 'class org.example.TestImplementation.implementation12"}
{"logLevel":"debug","message":"Executing 'ClicButtonJobNull' using 'class org.example.TestImplementation.implementation13"}
{"logLevel":"debug","message":"Executing 'ValidateResultNull' using 'class org.example.TestImplementation.implementation14"}
